#! /usr/share/iverilog-0.10.0/bin/vvp
:ivl_version "0.10.0 (devel)" "(v0_9_6)";
:ivl_delay_selection "TYPICAL";
:vpi_time_precision + 0;
:vpi_module "system";
:vpi_module "vhdl_sys";
:vpi_module "v2005_math";
:vpi_module "va_math";
:vpi_module "v2009";
S_0x1db3a50 .scope module, "Testbench" "Testbench" 2 26;
 .timescale 0 0;
v0x1dc4780_0 .var "clk", 0 0;
v0x1dc4820_0 .net "out1", 31 0, v0x1dc44f0_0;  1 drivers
v0x1dc48f0_0 .var "temp", 31 0;
S_0x1db17b0 .scope module, "A" "afisare" 2 32, 3 5 0, S_0x1db3a50;
 .timescale 0 0;
    .port_info 0 /INPUT 1 "clk"
    .port_info 1 /INPUT 32 "in"
    .port_info 2 /OUTPUT 32 "out"
v0x1db19d0_0 .net "clk", 0 0, v0x1dc4780_0;  1 drivers
v0x1dc4340_0 .net "in", 31 0, v0x1dc48f0_0;  1 drivers
v0x1dc4420 .array "memory", 9 0, 31 0;
v0x1dc44f0_0 .var "out", 31 0;
v0x1dc45d0_0 .var "temp", 4 0;
E_0x1db1d10 .event posedge, v0x1db19d0_0;
    .scope S_0x1db17b0;
T_0 ;
    %vpi_call/w 3 7 "$readmemh", "text.txt", v0x1dc4420 {0 0};
    %end;
    .thread T_0;
    .scope S_0x1db17b0;
T_1 ;
    %set/v v0x1dc45d0_0, 0, 5;
    %end;
    .thread T_1;
    .scope S_0x1db17b0;
T_2 ;
    %wait E_0x1db1d10;
    %ix/getv 3, v0x1dc45d0_0;
    %load/av 8, v0x1dc4420, 32;
    %set/v v0x1dc44f0_0, 8, 32;
    %ix/load 0, 1, 0;
    %load/vp0 8, v0x1dc45d0_0, 5;
    %set/v v0x1dc45d0_0, 8, 5;
    %jmp T_2;
    .thread T_2;
    .scope S_0x1db3a50;
T_3 ;
    %set/v v0x1dc4780_0, 0, 1;
    %end;
    .thread T_3;
    .scope S_0x1db3a50;
T_4 ;
T_4.0 ;
    %delay 250, 0;
    %load/v 8, v0x1dc4780_0, 1;
    %inv 8, 1;
    %set/v v0x1dc4780_0, 8, 1;
    %jmp T_4.0;
    %end;
    .thread T_4;
    .scope S_0x1db3a50;
T_5 ;
    %vpi_call/w 2 37 "$dumpfile", "dump.vcd" {0 0};
    %vpi_call/w 2 38 "$dumpvars" {0 0};
    %end;
    .thread T_5;
    .scope S_0x1db3a50;
T_6 ;
    %delay 2500, 0;
    %vpi_call/w 2 46 "$finish" {0 0};
    %end;
    .thread T_6;
# The file index is used to find the file name in the following table.
:file_names 4;
    "N/A";
    "<interactive>";
    "testbench.sv";
    "design.sv";
