#! /usr/share/iverilog-0.9.7/bin/vvp
:ivl_version "0.9.7 " "(v0_9_6)";
:vpi_time_precision + 0;
:vpi_module "system";
:vpi_module "v2005_math";
:vpi_module "va_math";
S_0x1caced0 .scope module, "testbench" "testbench" 2 5;
 .timescale 0 0;
v0x1cbcb40_0 .net "O", 3 0, v0x1cbcaa0_0; 1 drivers
v0x1cbcc10_0 .var "a", 3 0;
v0x1cbccc0_0 .var "clk", 0 0;
S_0x1cacfc0 .scope module, "Ichip1" "registru2" 2 11, 3 22, S_0x1caced0;
 .timescale 0 0;
v0x1c8a2d0_0 .net "a", 3 0, v0x1cbcc10_0; 1 drivers
v0x1cbca00_0 .net "clk", 0 0, v0x1cbccc0_0; 1 drivers
v0x1cbcaa0_0 .var "out", 3 0;
E_0x1c892a0 .event posedge, v0x1cbca00_0;
    .scope S_0x1cacfc0;
T_0 ;
    %wait E_0x1c892a0;
    %load/v 8, v0x1c8a2d0_0, 4;
    %ix/load 0, 4, 0;
    %assign/v0 v0x1cbcaa0_0, 0, 8;
    %jmp T_0;
    .thread T_0;
    .scope S_0x1caced0;
T_1 ;
    %set/v v0x1cbccc0_0, 0, 1;
    %end;
    .thread T_1;
    .scope S_0x1caced0;
T_2 ;
    %set/v v0x1cbcc10_0, 0, 4;
    %end;
    .thread T_2;
    .scope S_0x1caced0;
T_3 ;
T_3.0 ;
    %delay 250, 0;
    %load/v 8, v0x1cbccc0_0, 1;
    %inv 8, 1;
    %set/v v0x1cbccc0_0, 8, 1;
    %jmp T_3.0;
    %end;
    .thread T_3;
    .scope S_0x1caced0;
T_4 ;
T_4.0 ;
    %delay 1000, 0;
    %ix/load 0, 1, 0;
    %load/vp0 8, v0x1cbcc10_0, 4;
    %set/v v0x1cbcc10_0, 8, 4;
    %jmp T_4.0;
    %end;
    .thread T_4;
    .scope S_0x1caced0;
T_5 ;
    %vpi_call 2 22 "$dumpfile", "dump.vcd";
    %vpi_call 2 23 "$dumpvars";
    %delay 9000, 0;
    %vpi_call 2 26 "$finish", 2'sb01;
    %end;
    .thread T_5;
# The file index is used to find the file name in the following table.
:file_names 4;
    "N/A";
    "<interactive>";
    "testbench.sv";
    "design.sv";
